{"timestamp":"2022-08-29T09:11:00+08:00","host":"DESKTOP-0A5J87H","path":"/user/getAvatar","level":"error","detail":"Token Timeout!","message":"API Response[403]:{\"code\":\"4010\",\"message\":\"unauthorized\"}"}
{"timestamp":"2022-08-29T09:11:00+08:00","host":"DESKTOP-0A5J87H","path":"/user/getAvatar","level":"error","detail":"Token Timeout!","message":"API Response[403]:{\"code\":\"4010\",\"message\":\"unauthorized\"}"}
{"timestamp":"2022-08-29T09:11:00+08:00","host":"DESKTOP-0A5J87H","path":"/friend/getFriendRequest","level":"error","detail":"Token Timeout!","message":"API Response[403]:{\"code\":\"4010\",\"message\":\"unauthorized\"}"}
{"timestamp":"2022-08-29T09:11:00+08:00","host":"DESKTOP-0A5J87H","path":"/friend/getFriendList","level":"error","detail":"Token Timeout!","message":"API Response[403]:{\"code\":\"4010\",\"message\":\"unauthorized\"}"}
{"timestamp":"2022-08-29T09:59:27+08:00","host":"DESKTOP-0A5J87H","path":"/user/getAvatar","level":"error","detail":"Token Timeout!","message":"API Response[403]:{\"code\":\"4010\",\"message\":\"unauthorized\"}"}
{"timestamp":"2022-08-29T09:59:27+08:00","host":"DESKTOP-0A5J87H","path":"/user/getAvatar","level":"error","detail":"Token Timeout!","message":"API Response[403]:{\"code\":\"4010\",\"message\":\"unauthorized\"}"}
{"timestamp":"2022-08-29T09:59:27+08:00","host":"DESKTOP-0A5J87H","path":"/friend/getFriendRequest","level":"error","detail":"Token Timeout!","message":"API Response[403]:{\"code\":\"4010\",\"message\":\"unauthorized\"}"}
{"timestamp":"2022-08-29T09:59:27+08:00","host":"DESKTOP-0A5J87H","path":"/friend/getFriendList","level":"error","detail":"Token Timeout!","message":"API Response[403]:{\"code\":\"4010\",\"message\":\"unauthorized\"}"}
{"timestamp":"2022-08-29T10:30:03+08:00","host":"DESKTOP-0A5J87H","path":"/user/getAvatar","level":"error","detail":"Token Timeout!","message":"API Response[403]:{\"code\":\"4010\",\"message\":\"unauthorized\"}"}
{"timestamp":"2022-08-29T10:30:03+08:00","host":"DESKTOP-0A5J87H","path":"/user/getAvatar","level":"error","detail":"Token Timeout!","message":"API Response[403]:{\"code\":\"4010\",\"message\":\"unauthorized\"}"}
{"timestamp":"2022-08-29T10:30:03+08:00","host":"DESKTOP-0A5J87H","path":"/friend/getFriendRequest","level":"error","detail":"Token Timeout!","message":"API Response[403]:{\"code\":\"4010\",\"message\":\"unauthorized\"}"}
{"timestamp":"2022-08-29T10:30:03+08:00","host":"DESKTOP-0A5J87H","path":"/friend/getFriendList","level":"error","detail":"Token Timeout!","message":"API Response[403]:{\"code\":\"4010\",\"message\":\"unauthorized\"}"}
{"timestamp":"2022-08-29T11:30:43+08:00","host":"DESKTOP-0A5J87H","path":"/user/getAvatar","level":"error","detail":"Token Timeout!","message":"API Response[403]:{\"code\":\"4010\",\"message\":\"unauthorized\"}"}
{"timestamp":"2022-08-29T11:30:43+08:00","host":"DESKTOP-0A5J87H","path":"/user/getAvatar","level":"error","detail":"Token Timeout!","message":"API Response[403]:{\"code\":\"4010\",\"message\":\"unauthorized\"}"}
{"timestamp":"2022-08-29T11:30:44+08:00","host":"DESKTOP-0A5J87H","path":"/friend/getFriendRequest","level":"error","detail":"Token Timeout!","message":"API Response[403]:{\"code\":\"4010\",\"message\":\"unauthorized\"}"}
{"timestamp":"2022-08-29T11:30:44+08:00","host":"DESKTOP-0A5J87H","path":"/friend/getFriendList","level":"error","detail":"Token Timeout!","message":"API Response[403]:{\"code\":\"4010\",\"message\":\"unauthorized\"}"}
{"timestamp":"2022-08-29T11:34:00+08:00","host":"DESKTOP-0A5J87H","path":"/user/getAvatar","level":"error","detail":"Token Timeout!","message":"API Response[403]:{\"code\":\"4010\",\"message\":\"unauthorized\"}"}
{"timestamp":"2022-08-29T11:34:00+08:00","host":"DESKTOP-0A5J87H","path":"/user/getAvatar","level":"error","detail":"Token Timeout!","message":"API Response[403]:{\"code\":\"4010\",\"message\":\"unauthorized\"}"}
{"timestamp":"2022-08-29T11:34:00+08:00","host":"DESKTOP-0A5J87H","path":"/friend/getFriendRequest","level":"error","detail":"Token Timeout!","message":"API Response[403]:{\"code\":\"4010\",\"message\":\"unauthorized\"}"}
{"timestamp":"2022-08-29T11:34:00+08:00","host":"DESKTOP-0A5J87H","path":"/friend/getFriendList","level":"error","detail":"Token Timeout!","message":"API Response[403]:{\"code\":\"4010\",\"message\":\"unauthorized\"}"}
{"timestamp":"2022-08-29T11:38:59+08:00","host":"DESKTOP-0A5J87H","path":"/friend/updateStatus","level":"error","detail":"Not Defined Error","message":"API Response[500]:{\"code\":\"4101\",\"message\":\"unknown error\"}"}
{"timestamp":"2022-08-29T13:02:32+08:00","host":"DESKTOP-0A5J87H","path":"/user/getAvatar","level":"error","detail":"Token Timeout!","message":"API Response[403]:{\"code\":\"4010\",\"message\":\"unauthorized\"}"}
{"timestamp":"2022-08-29T13:02:32+08:00","host":"DESKTOP-0A5J87H","path":"/user/getAvatar","level":"error","detail":"Token Timeout!","message":"API Response[403]:{\"code\":\"4010\",\"message\":\"unauthorized\"}"}
{"timestamp":"2022-08-29T13:02:32+08:00","host":"DESKTOP-0A5J87H","path":"/friend/getFriendRequest","level":"error","detail":"Token Timeout!","message":"API Response[403]:{\"code\":\"4010\",\"message\":\"unauthorized\"}"}
{"timestamp":"2022-08-29T13:02:33+08:00","host":"DESKTOP-0A5J87H","path":"/friend/getFriendList","level":"error","detail":"Token Timeout!","message":"API Response[403]:{\"code\":\"4010\",\"message\":\"unauthorized\"}"}
{"timestamp":"2022-08-29T13:02:44+08:00","host":"DESKTOP-0A5J87H","path":"/user/getAvatar","level":"error","detail":"Token Timeout!","message":"API Response[403]:{\"code\":\"4010\",\"message\":\"unauthorized\"}"}
{"timestamp":"2022-08-29T13:02:44+08:00","host":"DESKTOP-0A5J87H","path":"/user/getAvatar","level":"error","detail":"Token Timeout!","message":"API Response[403]:{\"code\":\"4010\",\"message\":\"unauthorized\"}"}
{"timestamp":"2022-08-29T13:02:44+08:00","host":"DESKTOP-0A5J87H","path":"/friend/getFriendRequest","level":"error","detail":"Token Timeout!","message":"API Response[403]:{\"code\":\"4010\",\"message\":\"unauthorized\"}"}
{"timestamp":"2022-08-29T13:02:44+08:00","host":"DESKTOP-0A5J87H","path":"/friend/getFriendList","level":"error","detail":"Token Timeout!","message":"API Response[403]:{\"code\":\"4010\",\"message\":\"unauthorized\"}"}
{"timestamp":"2022-08-29T13:29:17+08:00","host":"DESKTOP-0A5J87H","path":"/friend/updateStatus","level":"error","detail":"Not Defined Error","message":"API Response[500]:{\"code\":\"4101\",\"message\":\"unknown error\"}"}
{"timestamp":"2022-08-29T13:37:42+08:00","host":"DESKTOP-0A5J87H","path":"/user/getAvatar","level":"error","detail":"Invalid Token!","message":"API Response[403]:{\"code\":\"4010\",\"message\":\"unauthorized\"}"}
{"timestamp":"2022-08-29T13:37:42+08:00","host":"DESKTOP-0A5J87H","path":"/user/getAvatar","level":"error","detail":"Invalid Token!","message":"API Response[403]:{\"code\":\"4010\",\"message\":\"unauthorized\"}"}
{"timestamp":"2022-08-29T13:37:42+08:00","host":"DESKTOP-0A5J87H","path":"/friend/getFriendRequest","level":"error","detail":"Invalid Token!","message":"API Response[403]:{\"code\":\"4010\",\"message\":\"unauthorized\"}"}
{"timestamp":"2022-08-29T13:37:42+08:00","host":"DESKTOP-0A5J87H","path":"/friend/getFriendList","level":"error","detail":"Invalid Token!","message":"API Response[403]:{\"code\":\"4010\",\"message\":\"unauthorized\"}"}
{"timestamp":"2022-08-29T15:36:26+08:00","host":"DESKTOP-0A5J87H","path":"/friend/getFriendList","level":"error","detail":"db connect exist error! sql:select * from user,user_friend where user.id=user_friend.userid user.id in (select friendid from user_friend where status=1 and userid=?)","message":"API Response[500]:{\"code\":\"5100\",\"message\":\"internal server error\"}"}
{"timestamp":"2022-08-29T17:31:38+08:00","host":"DESKTOP-0A5J87H","path":"/friend/getFriendList","level":"error","detail":"db connect exist error! sql:select distinct user.id as id,username,name,avatar,phone,remark from user,user_friend where status=1 and user_friend.friendid=user.id and user_friend.userid=?","message":"API Response[500]:{\"code\":\"5100\",\"message\":\"internal server error\"}"}
{"timestamp":"2022-08-29T17:32:36+08:00","host":"DESKTOP-0A5J87H","path":"/friend/getFriendList","level":"error","detail":"db connect exist error! sql:select distinct user.id as id,username,name,avatar,phone,remark from user,user_friend where status=1 and user_friend.friendid=user.id and user_friend.userid=?","message":"API Response[500]:{\"code\":\"5100\",\"message\":\"internal server error\"}"}
{"timestamp":"2022-08-29T17:33:01+08:00","host":"DESKTOP-0A5J87H","path":"/friend/getFriendList","level":"error","detail":"db connect exist error! sql:select distinct user.id as id,username,name,avatar,phone,remark from user,user_friend where status=1 and user_friend.friendid=user.id and user_friend.userid=1","message":"API Response[500]:{\"code\":\"5100\",\"message\":\"internal server error\"}"}
