{"timestamp":"2022-09-29T14:00:21+08:00","host":"DESKTOP-0A5J87H","path":"/user/getAvatar","level":"error","detail":"Invalid Token!","message":"API Response[403]:{\"code\":\"4010\",\"message\":\"unauthorized\"}"}
{"timestamp":"2022-09-29T14:00:22+08:00","host":"DESKTOP-0A5J87H","path":"/user/getAvatar","level":"error","detail":"Invalid Token!","message":"API Response[403]:{\"code\":\"4010\",\"message\":\"unauthorized\"}"}
{"timestamp":"2022-09-29T14:00:22+08:00","host":"DESKTOP-0A5J87H","path":"/friend/getFriendRequest","level":"error","detail":"Invalid Token!","message":"API Response[403]:{\"code\":\"4010\",\"message\":\"unauthorized\"}"}
{"timestamp":"2022-09-29T14:00:22+08:00","host":"DESKTOP-0A5J87H","path":"/friend/getFriendList","level":"error","detail":"Invalid Token!","message":"API Response[403]:{\"code\":\"4010\",\"message\":\"unauthorized\"}"}
{"timestamp":"2022-09-29T14:00:22+08:00","host":"DESKTOP-0A5J87H","path":"/group/getlist","level":"error","detail":"Invalid Token!","message":"API Response[403]:{\"code\":\"4010\",\"message\":\"unauthorized\"}"}
{"timestamp":"2022-09-29T14:02:40+08:00","host":"DESKTOP-0A5J87H","path":"/user/getAvatar","level":"error","detail":"Invalid Token!","message":"API Response[403]:{\"code\":\"4010\",\"message\":\"unauthorized\"}"}
{"timestamp":"2022-09-29T14:02:40+08:00","host":"DESKTOP-0A5J87H","path":"/user/getAvatar","level":"error","detail":"Invalid Token!","message":"API Response[403]:{\"code\":\"4010\",\"message\":\"unauthorized\"}"}
{"timestamp":"2022-09-29T14:02:40+08:00","host":"DESKTOP-0A5J87H","path":"/friend/getFriendRequest","level":"error","detail":"Invalid Token!","message":"API Response[403]:{\"code\":\"4010\",\"message\":\"unauthorized\"}"}
{"timestamp":"2022-09-29T14:02:40+08:00","host":"DESKTOP-0A5J87H","path":"/friend/getFriendList","level":"error","detail":"Invalid Token!","message":"API Response[403]:{\"code\":\"4010\",\"message\":\"unauthorized\"}"}
{"timestamp":"2022-09-29T14:02:40+08:00","host":"DESKTOP-0A5J87H","path":"/group/getlist","level":"error","detail":"Invalid Token!","message":"API Response[403]:{\"code\":\"4010\",\"message\":\"unauthorized\"}"}
{"timestamp":"2022-09-29T15:16:17+08:00","host":"DESKTOP-0A5J87H","path":"/gmessage/getList","level":"error","detail":"Not Defined Error","message":"API Response[500]:{\"code\":\"4101\",\"message\":\"unknown error\"}"}
{"timestamp":"2022-09-29T15:16:29+08:00","host":"DESKTOP-0A5J87H","path":"/gmessage/getList","level":"error","detail":"Not Defined Error","message":"API Response[500]:{\"code\":\"4101\",\"message\":\"unknown error\"}"}
{"timestamp":"2022-09-29T15:16:34+08:00","host":"DESKTOP-0A5J87H","path":"/gmessage/getList","level":"error","detail":"Not Defined Error","message":"API Response[500]:{\"code\":\"4101\",\"message\":\"unknown error\"}"}
{"timestamp":"2022-09-29T15:16:48+08:00","host":"DESKTOP-0A5J87H","path":"/gmessage/getList","level":"error","detail":"Not Defined Error","message":"API Response[500]:{\"code\":\"4101\",\"message\":\"unknown error\"}"}
{"timestamp":"2022-09-29T15:16:49+08:00","host":"DESKTOP-0A5J87H","path":"/gmessage/getList","level":"error","detail":"Not Defined Error","message":"API Response[500]:{\"code\":\"4101\",\"message\":\"unknown error\"}"}
{"timestamp":"2022-09-29T15:17:00+08:00","host":"DESKTOP-0A5J87H","path":"/gmessage/getList","level":"error","detail":"Not Defined Error","message":"API Response[500]:{\"code\":\"4101\",\"message\":\"unknown error\"}"}
{"timestamp":"2022-09-29T15:17:07+08:00","host":"DESKTOP-0A5J87H","path":"/gmessage/getList","level":"error","detail":"Not Defined Error","message":"API Response[500]:{\"code\":\"4101\",\"message\":\"unknown error\"}"}
{"timestamp":"2022-09-29T15:17:34+08:00","host":"DESKTOP-0A5J87H","path":"/gmessage/getList","level":"error","detail":"Not Defined Error","message":"API Response[500]:{\"code\":\"4101\",\"message\":\"unknown error\"}"}
{"timestamp":"2022-09-29T15:20:20+08:00","host":"DESKTOP-0A5J87H","path":"/gmessage/getList","level":"error","detail":"Not Defined Error","message":"API Response[500]:{\"code\":\"4101\",\"message\":\"unknown error\"}"}
{"timestamp":"2022-09-29T15:20:20+08:00","host":"DESKTOP-0A5J87H","path":"/gmessage/getList","level":"error","detail":"Not Defined Error","message":"API Response[500]:{\"code\":\"4101\",\"message\":\"unknown error\"}"}
{"timestamp":"2022-09-29T15:20:20+08:00","host":"DESKTOP-0A5J87H","path":"/gmessage/getList","level":"error","detail":"Not Defined Error","message":"API Response[500]:{\"code\":\"4101\",\"message\":\"unknown error\"}"}
{"timestamp":"2022-09-29T15:20:20+08:00","host":"DESKTOP-0A5J87H","path":"/gmessage/getList","level":"error","detail":"Not Defined Error","message":"API Response[500]:{\"code\":\"4101\",\"message\":\"unknown error\"}"}
{"timestamp":"2022-09-29T15:20:25+08:00","host":"DESKTOP-0A5J87H","path":"/gmessage/getList","level":"error","detail":"Not Defined Error","message":"API Response[500]:{\"code\":\"4101\",\"message\":\"unknown error\"}"}
{"timestamp":"2022-09-29T15:20:31+08:00","host":"DESKTOP-0A5J87H","path":"/gmessage/getList","level":"error","detail":"Not Defined Error","message":"API Response[500]:{\"code\":\"4101\",\"message\":\"unknown error\"}"}
{"timestamp":"2022-09-29T15:20:36+08:00","host":"DESKTOP-0A5J87H","path":"/gmessage/getList","level":"error","detail":"Not Defined Error","message":"API Response[500]:{\"code\":\"4101\",\"message\":\"unknown error\"}"}
{"timestamp":"2022-09-29T15:20:57+08:00","host":"DESKTOP-0A5J87H","path":"/gmessage/getList","level":"error","detail":"Not Defined Error","message":"API Response[500]:{\"code\":\"4101\",\"message\":\"unknown error\"}"}
{"timestamp":"2022-09-29T15:33:16+08:00","host":"DESKTOP-0A5J87H","path":"/user/getAvatar","level":"error","detail":"Invalid Token!","message":"API Response[403]:{\"code\":\"4010\",\"message\":\"unauthorized\"}"}
{"timestamp":"2022-09-29T15:33:16+08:00","host":"DESKTOP-0A5J87H","path":"/user/getAvatar","level":"error","detail":"Invalid Token!","message":"API Response[403]:{\"code\":\"4010\",\"message\":\"unauthorized\"}"}
{"timestamp":"2022-09-29T15:33:16+08:00","host":"DESKTOP-0A5J87H","path":"/friend/getFriendRequest","level":"error","detail":"Invalid Token!","message":"API Response[403]:{\"code\":\"4010\",\"message\":\"unauthorized\"}"}
{"timestamp":"2022-09-29T15:33:16+08:00","host":"DESKTOP-0A5J87H","path":"/friend/getFriendList","level":"error","detail":"Invalid Token!","message":"API Response[403]:{\"code\":\"4010\",\"message\":\"unauthorized\"}"}
{"timestamp":"2022-09-29T15:33:16+08:00","host":"DESKTOP-0A5J87H","path":"/group/getlist","level":"error","detail":"Invalid Token!","message":"API Response[403]:{\"code\":\"4010\",\"message\":\"unauthorized\"}"}
{"timestamp":"2022-09-29T15:33:25+08:00","host":"DESKTOP-0A5J87H","path":"/user/login","level":"error","detail":"Invalid Token!","message":"API Response[403]:{\"code\":\"4010\",\"message\":\"unauthorized\"}"}
{"timestamp":"2022-09-29T15:39:29+08:00","host":"DESKTOP-0A5J87H","path":"/gmessage/getList","level":"error","detail":"Not Defined Error","message":"API Response[500]:{\"code\":\"4101\",\"message\":\"unknown error\"}"}
{"timestamp":"2022-09-29T15:39:33+08:00","host":"DESKTOP-0A5J87H","path":"/gmessage/getList","level":"error","detail":"Not Defined Error","message":"API Response[500]:{\"code\":\"4101\",\"message\":\"unknown error\"}"}
{"timestamp":"2022-09-29T15:42:00+08:00","host":"DESKTOP-0A5J87H","path":"/gmessage/getList","level":"error","detail":"Not Defined Error","message":"API Response[500]:{\"code\":\"4101\",\"message\":\"unknown error\"}"}
{"timestamp":"2022-09-29T15:42:03+08:00","host":"DESKTOP-0A5J87H","path":"/gmessage/getList","level":"error","detail":"Not Defined Error","message":"API Response[500]:{\"code\":\"4101\",\"message\":\"unknown error\"}"}
{"timestamp":"2022-09-29T15:43:23+08:00","host":"DESKTOP-0A5J87H","path":"/gmessage/getList","level":"error","detail":"Not Defined Error","message":"API Response[500]:{\"code\":\"4101\",\"message\":\"unknown error\"}"}
{"timestamp":"2022-09-29T15:44:42+08:00","host":"DESKTOP-0A5J87H","path":"/gmessage/getList","level":"error","detail":"Not Defined Error","message":"API Response[500]:{\"code\":\"4101\",\"message\":\"unknown error\"}"}
{"timestamp":"2022-09-29T15:45:46+08:00","host":"DESKTOP-0A5J87H","path":"/gmessage/getList","level":"error","detail":"Not Defined Error","message":"API Response[500]:{\"code\":\"4101\",\"message\":\"unknown error\"}"}
