{"timestamp":"2022-08-26T11:18:16+08:00","host":"DESKTOP-0A5J87H","path":"/user/getAvatar","level":"error","detail":"Token Timeout!","message":"API Response[403]:{\"code\":\"4010\",\"message\":\"unauthorized\"}"}
{"timestamp":"2022-08-26T11:18:16+08:00","host":"DESKTOP-0A5J87H","path":"/user/getAvatar","level":"error","detail":"Token Timeout!","message":"API Response[403]:{\"code\":\"4010\",\"message\":\"unauthorized\"}"}
{"timestamp":"2022-08-26T11:41:48+08:00","host":"DESKTOP-0A5J87H","path":"/friend/search","level":"error","detail":"db connect exist error! sql:select * from user where id<>1 and (username like '%yong'hu%' or name like '%yong'hu%' or phone like '%yong'hu%')","message":"API Response[500]:{\"code\":\"5100\",\"message\":\"internal server error\"}"}
{"timestamp":"2022-08-26T11:41:48+08:00","host":"DESKTOP-0A5J87H","path":"/friend/search","level":"error","detail":"db connect exist error! sql:select * from user where id<>1 and (username like '%yong'hu%' or name like '%yong'hu%' or phone like '%yong'hu%')","message":"API Response[500]:{\"code\":\"5100\",\"message\":\"internal server error\"}"}
{"timestamp":"2022-08-26T11:46:46+08:00","host":"DESKTOP-0A5J87H","path":"/friend/search","level":"error","detail":"db connect exist error! sql:select * from user where id<>1 and (username like '%yong'hu%' or name like '%yong'hu%' or phone like '%yong'hu%')","message":"API Response[500]:{\"code\":\"5100\",\"message\":\"internal server error\"}"}
{"timestamp":"2022-08-26T11:47:27+08:00","host":"DESKTOP-0A5J87H","path":"/friend/search","level":"error","detail":"db connect exist error! sql:select * from user where id<>1 and (username like '%yong'hu%' or name like '%yong'hu%' or phone like '%yong'hu%')","message":"API Response[500]:{\"code\":\"5100\",\"message\":\"internal server error\"}"}
{"timestamp":"2022-08-26T11:47:38+08:00","host":"DESKTOP-0A5J87H","path":"/friend/search","level":"error","detail":"db connect exist error! sql:select * from user where id<>1 and (username like '%yong'hu%' or name like '%yong'hu%' or phone like '%yong'hu%')","message":"API Response[500]:{\"code\":\"5100\",\"message\":\"internal server error\"}"}
{"timestamp":"2022-08-26T11:47:38+08:00","host":"DESKTOP-0A5J87H","path":"/friend/search","level":"error","detail":"db connect exist error! sql:select * from user where id<>1 and (username like '%yong'hu%' or name like '%yong'hu%' or phone like '%yong'hu%')","message":"API Response[500]:{\"code\":\"5100\",\"message\":\"internal server error\"}"}
{"timestamp":"2022-08-26T11:57:57+08:00","host":"DESKTOP-0A5J87H","path":"/friend/search","level":"error","detail":"Not Defined Error","message":"API Response[500]:{\"code\":\"4101\",\"message\":\"unknown error\"}"}
{"timestamp":"2022-08-26T11:57:58+08:00","host":"DESKTOP-0A5J87H","path":"/friend/search","level":"error","detail":"Not Defined Error","message":"API Response[500]:{\"code\":\"4101\",\"message\":\"unknown error\"}"}
{"timestamp":"2022-08-26T11:57:58+08:00","host":"DESKTOP-0A5J87H","path":"/friend/search","level":"error","detail":"Not Defined Error","message":"API Response[500]:{\"code\":\"4101\",\"message\":\"unknown error\"}"}
{"timestamp":"2022-08-26T12:17:10+08:00","host":"DESKTOP-0A5J87H","path":"/friend/search","level":"error","detail":"db connect exist error! sql:select * from user where id<>`undefined` and (username like \"%'u'%\" or name like \"%'u'%\" or phone like \"%'u'%\")","message":"API Response[500]:{\"code\":\"5100\",\"message\":\"internal server error\"}"}
{"timestamp":"2022-08-26T12:17:10+08:00","host":"DESKTOP-0A5J87H","path":"/friend/search","level":"error","detail":"db connect exist error! sql:select * from user where id<>`undefined` and (username like \"%'us'%\" or name like \"%'us'%\" or phone like \"%'us'%\")","message":"API Response[500]:{\"code\":\"5100\",\"message\":\"internal server error\"}"}
{"timestamp":"2022-08-26T12:17:11+08:00","host":"DESKTOP-0A5J87H","path":"/friend/search","level":"error","detail":"db connect exist error! sql:select * from user where id<>`undefined` and (username like \"%'user'%\" or name like \"%'user'%\" or phone like \"%'user'%\")","message":"API Response[500]:{\"code\":\"5100\",\"message\":\"internal server error\"}"}
{"timestamp":"2022-08-26T12:18:27+08:00","host":"DESKTOP-0A5J87H","path":"/friend/search","level":"error","detail":"db connect exist error! sql:select * from user where id<>NULL and (username like %'u'% or name like %'u'% or phone like %'u'%)","message":"API Response[500]:{\"code\":\"5100\",\"message\":\"internal server error\"}"}
{"timestamp":"2022-08-26T12:52:43+08:00","host":"DESKTOP-0A5J87H","path":"/user/create","level":"error","detail":"Not Defined Error","message":"API Response[500]:{\"code\":\"4101\",\"message\":\"unknown error\"}"}
{"timestamp":"2022-08-26T13:34:29+08:00","host":"DESKTOP-0A5J87H","path":"/user/getAvatar","level":"error","detail":"Token Timeout!","message":"API Response[403]:{\"code\":\"4010\",\"message\":\"unauthorized\"}"}
{"timestamp":"2022-08-26T14:49:39+08:00","host":"DESKTOP-0A5J87H","path":"/user/getAvatar","level":"error","detail":"Token Timeout!","message":"API Response[403]:{\"code\":\"4010\",\"message\":\"unauthorized\"}"}
{"timestamp":"2022-08-26T14:49:39+08:00","host":"DESKTOP-0A5J87H","path":"/user/getAvatar","level":"error","detail":"Token Timeout!","message":"API Response[403]:{\"code\":\"4010\",\"message\":\"unauthorized\"}"}
{"timestamp":"2022-08-26T16:32:09+08:00","host":"DESKTOP-0A5J87H","path":"/user/getAvatar","level":"error","detail":"Token Timeout!","message":"API Response[403]:{\"code\":\"4010\",\"message\":\"unauthorized\"}"}
{"timestamp":"2022-08-26T16:32:09+08:00","host":"DESKTOP-0A5J87H","path":"/user/getAvatar","level":"error","detail":"Token Timeout!","message":"API Response[403]:{\"code\":\"4010\",\"message\":\"unauthorized\"}"}
{"timestamp":"2022-08-26T16:32:09+08:00","host":"DESKTOP-0A5J87H","path":"/friend/getFriendRequest","level":"error","detail":"Token Timeout!","message":"API Response[403]:{\"code\":\"4010\",\"message\":\"unauthorized\"}"}
{"timestamp":"2022-08-26T16:32:09+08:00","host":"DESKTOP-0A5J87H","path":"/friend/getFriendList","level":"error","detail":"Token Timeout!","message":"API Response[403]:{\"code\":\"4010\",\"message\":\"unauthorized\"}"}
{"timestamp":"2022-08-26T17:06:30+08:00","host":"DESKTOP-0A5J87H","path":"/user/getAvatar","level":"error","detail":"Not Defined Error","message":"API Response[500]:{\"code\":\"4101\",\"message\":\"unknown error\"}"}
{"timestamp":"2022-08-26T17:06:30+08:00","host":"DESKTOP-0A5J87H","path":"/user/getAvatar","level":"error","detail":"Not Defined Error","message":"API Response[500]:{\"code\":\"4101\",\"message\":\"unknown error\"}"}
{"timestamp":"2022-08-26T17:06:30+08:00","host":"DESKTOP-0A5J87H","path":"/friend/getFriendRequest","level":"error","detail":"Not Defined Error","message":"API Response[500]:{\"code\":\"4101\",\"message\":\"unknown error\"}"}
{"timestamp":"2022-08-26T17:06:31+08:00","host":"DESKTOP-0A5J87H","path":"/friend/getFriendList","level":"error","detail":"Not Defined Error","message":"API Response[500]:{\"code\":\"4101\",\"message\":\"unknown error\"}"}
