{"timestamp":"2022-09-07T11:58:58+08:00","host":"DESKTOP-0A5J87H","path":"/user/getAvatar","level":"error","detail":"Token Timeout!","message":"API Response[403]:{\"code\":\"4010\",\"message\":\"unauthorized\"}"}
{"timestamp":"2022-09-07T11:58:58+08:00","host":"DESKTOP-0A5J87H","path":"/user/getAvatar","level":"error","detail":"Token Timeout!","message":"API Response[403]:{\"code\":\"4010\",\"message\":\"unauthorized\"}"}
{"timestamp":"2022-09-07T11:58:58+08:00","host":"DESKTOP-0A5J87H","path":"/friend/getFriendRequest","level":"error","detail":"Token Timeout!","message":"API Response[403]:{\"code\":\"4010\",\"message\":\"unauthorized\"}"}
{"timestamp":"2022-09-07T11:58:58+08:00","host":"DESKTOP-0A5J87H","path":"/friend/getFriendList","level":"error","detail":"Token Timeout!","message":"API Response[403]:{\"code\":\"4010\",\"message\":\"unauthorized\"}"}
{"timestamp":"2022-09-07T12:20:02+08:00","host":"DESKTOP-0A5J87H","path":"/user/getAvatar","level":"error","detail":"Token Timeout!","message":"API Response[403]:{\"code\":\"4010\",\"message\":\"unauthorized\"}"}
{"timestamp":"2022-09-07T12:20:02+08:00","host":"DESKTOP-0A5J87H","path":"/user/getAvatar","level":"error","detail":"Token Timeout!","message":"API Response[403]:{\"code\":\"4010\",\"message\":\"unauthorized\"}"}
{"timestamp":"2022-09-07T12:20:02+08:00","host":"DESKTOP-0A5J87H","path":"/friend/getFriendRequest","level":"error","detail":"Token Timeout!","message":"API Response[403]:{\"code\":\"4010\",\"message\":\"unauthorized\"}"}
{"timestamp":"2022-09-07T12:20:02+08:00","host":"DESKTOP-0A5J87H","path":"/friend/getFriendList","level":"error","detail":"Token Timeout!","message":"API Response[403]:{\"code\":\"4010\",\"message\":\"unauthorized\"}"}
{"timestamp":"2022-09-07T12:26:08+08:00","host":"DESKTOP-0A5J87H","path":"/user/getAvatar","level":"error","detail":"Token Timeout!","message":"API Response[403]:{\"code\":\"4010\",\"message\":\"unauthorized\"}"}
{"timestamp":"2022-09-07T12:26:08+08:00","host":"DESKTOP-0A5J87H","path":"/user/getAvatar","level":"error","detail":"Token Timeout!","message":"API Response[403]:{\"code\":\"4010\",\"message\":\"unauthorized\"}"}
{"timestamp":"2022-09-07T12:26:08+08:00","host":"DESKTOP-0A5J87H","path":"/friend/getFriendRequest","level":"error","detail":"Token Timeout!","message":"API Response[403]:{\"code\":\"4010\",\"message\":\"unauthorized\"}"}
{"timestamp":"2022-09-07T12:26:08+08:00","host":"DESKTOP-0A5J87H","path":"/friend/getFriendList","level":"error","detail":"Token Timeout!","message":"API Response[403]:{\"code\":\"4010\",\"message\":\"unauthorized\"}"}
{"timestamp":"2022-09-07T14:03:07+08:00","host":"DESKTOP-0A5J87H","path":"/fmessage/getNews","level":"error","detail":"db connect exist error! sql:select * from friend_message where status=1 and friendid=? and userid=? and isLatest=0 ORDER BY time,id ASC","message":"API Response[500]:{\"code\":\"5100\",\"message\":\"internal server error\"}"}
{"timestamp":"2022-09-07T14:05:37+08:00","host":"DESKTOP-0A5J87H","path":"/fmessage/getNews","level":"error","detail":"db connect exist error! sql:select * from friend_message where status=1 and friendid=? and userid=? and isLatest=0 ORDER BY time,id ASC","message":"API Response[500]:{\"code\":\"5100\",\"message\":\"internal server error\"}"}
{"timestamp":"2022-09-07T14:07:12+08:00","host":"DESKTOP-0A5J87H","path":"/fmessage/getNews","level":"error","detail":"db connect exist error! sql:select * from friend_message where status=1 and friendid=? and userid=? and isLatest=0 ORDER BY time,id ASC","message":"API Response[500]:{\"code\":\"5100\",\"message\":\"internal server error\"}"}
{"timestamp":"2022-09-07T14:07:12+08:00","host":"DESKTOP-0A5J87H","path":"/fmessage/getNews","level":"error","detail":"db connect exist error! sql:select * from friend_message where status=1 and friendid=? and userid=? and isLatest=0 ORDER BY time,id ASC","message":"API Response[500]:{\"code\":\"5100\",\"message\":\"internal server error\"}"}
{"timestamp":"2022-09-07T14:09:38+08:00","host":"DESKTOP-0A5J87H","path":"/fmessage/getNews","level":"error","detail":"db connect exist error! sql:select * from friend_message where status=1 and friendid=? and userid=? and isLatest=0 ORDER BY time,id ASC","message":"API Response[500]:{\"code\":\"5100\",\"message\":\"internal server error\"}"}
{"timestamp":"2022-09-07T14:12:56+08:00","host":"DESKTOP-0A5J87H","path":"/fmessage/getNews","level":"error","detail":"db connect exist error! sql:select * from friend_message where status=1 and friendid=? and userid=? and isLatest=0 ORDER BY time,id ASC","message":"API Response[500]:{\"code\":\"5100\",\"message\":\"internal server error\"}"}
{"timestamp":"2022-09-07T15:45:07+08:00","host":"DESKTOP-0A5J87H","path":"/upload/upload","level":"error","detail":"Not Defined Error","message":"API Response[500]:{\"code\":\"4101\",\"message\":\"unknown error\"}"}
{"timestamp":"2022-09-07T15:47:10+08:00","host":"DESKTOP-0A5J87H","path":"/fmessage/fmessageUpload","level":"error","detail":"MicroService manageService can't resolve this: [POST]/fmessage/fmessageUpload","message":"API Response[404]:{\"code\":\"4103\",\"message\":\"not found\"}"}
{"timestamp":"2022-09-07T15:48:12+08:00","host":"DESKTOP-0A5J87H","path":"/favicon.ico","level":"error","detail":"Invalid Token!","message":"API Response[403]:{\"code\":\"4010\",\"message\":\"unauthorized\"}"}
