{"timestamp":"2022-09-21T11:38:40+08:00","host":"DESKTOP-0A5J87H","path":"/group/getlist","level":"error","detail":"db connect exist error! sql:select distinct user_group.id as id,user_group.userid as userid,user_group.latestid as latestid,groupid,groupname,notice from user_group,groupchat where user_group.userid=? and user_group.groupid=groupchat.id","message":"API Response[500]:{\"code\":\"5100\",\"message\":\"internal server error\"}"}
{"timestamp":"2022-09-21T11:38:47+08:00","host":"DESKTOP-0A5J87H","path":"/group/getlist","level":"error","detail":"db connect exist error! sql:select distinct user_group.id as id,user_group.userid as userid,user_group.latestid as latestid,groupid,groupname,notice from user_group,groupchat where user_group.userid=? and user_group.groupid=groupchat.id","message":"API Response[500]:{\"code\":\"5100\",\"message\":\"internal server error\"}"}
{"timestamp":"2022-09-21T15:50:14+08:00","host":"DESKTOP-0A5J87H","path":"/group/create","level":"error","detail":"Not Defined Error","message":"API Response[500]:{\"code\":\"4101\",\"message\":\"unknown error\"}"}
{"timestamp":"2022-09-21T15:53:56+08:00","host":"DESKTOP-0A5J87H","path":"/group/create","level":"error","detail":"Not Defined Error","message":"API Response[500]:{\"code\":\"4101\",\"message\":\"unknown error\"}"}
{"timestamp":"2022-09-21T15:56:07+08:00","host":"DESKTOP-0A5J87H","path":"/user/getAvatar","level":"error","detail":"Not Defined Error","message":"API Response[500]:{\"code\":\"4101\",\"message\":\"unknown error\"}"}
{"timestamp":"2022-09-21T15:56:07+08:00","host":"DESKTOP-0A5J87H","path":"/user/getAvatar","level":"error","detail":"Not Defined Error","message":"API Response[500]:{\"code\":\"4101\",\"message\":\"unknown error\"}"}
{"timestamp":"2022-09-21T15:56:07+08:00","host":"DESKTOP-0A5J87H","path":"/friend/getFriendRequest","level":"error","detail":"Not Defined Error","message":"API Response[500]:{\"code\":\"4101\",\"message\":\"unknown error\"}"}
{"timestamp":"2022-09-21T15:56:07+08:00","host":"DESKTOP-0A5J87H","path":"/friend/getFriendList","level":"error","detail":"Not Defined Error","message":"API Response[500]:{\"code\":\"4101\",\"message\":\"unknown error\"}"}
{"timestamp":"2022-09-21T15:56:07+08:00","host":"DESKTOP-0A5J87H","path":"/group/getlist","level":"error","detail":"Not Defined Error","message":"API Response[500]:{\"code\":\"4101\",\"message\":\"unknown error\"}"}
{"timestamp":"2022-09-21T15:56:12+08:00","host":"DESKTOP-0A5J87H","path":"/user/getAvatar","level":"error","detail":"Not Defined Error","message":"API Response[500]:{\"code\":\"4101\",\"message\":\"unknown error\"}"}
{"timestamp":"2022-09-21T15:56:12+08:00","host":"DESKTOP-0A5J87H","path":"/user/getAvatar","level":"error","detail":"Not Defined Error","message":"API Response[500]:{\"code\":\"4101\",\"message\":\"unknown error\"}"}
{"timestamp":"2022-09-21T15:56:12+08:00","host":"DESKTOP-0A5J87H","path":"/friend/getFriendRequest","level":"error","detail":"Not Defined Error","message":"API Response[500]:{\"code\":\"4101\",\"message\":\"unknown error\"}"}
{"timestamp":"2022-09-21T15:56:12+08:00","host":"DESKTOP-0A5J87H","path":"/friend/getFriendList","level":"error","detail":"Not Defined Error","message":"API Response[500]:{\"code\":\"4101\",\"message\":\"unknown error\"}"}
{"timestamp":"2022-09-21T15:56:12+08:00","host":"DESKTOP-0A5J87H","path":"/group/getlist","level":"error","detail":"Not Defined Error","message":"API Response[500]:{\"code\":\"4101\",\"message\":\"unknown error\"}"}
{"timestamp":"2022-09-21T15:56:29+08:00","host":"DESKTOP-0A5J87H","path":"/user/getAvatar","level":"error","detail":"Not Defined Error","message":"API Response[500]:{\"code\":\"4101\",\"message\":\"unknown error\"}"}
{"timestamp":"2022-09-21T15:56:29+08:00","host":"DESKTOP-0A5J87H","path":"/user/getAvatar","level":"error","detail":"Not Defined Error","message":"API Response[500]:{\"code\":\"4101\",\"message\":\"unknown error\"}"}
{"timestamp":"2022-09-21T15:56:29+08:00","host":"DESKTOP-0A5J87H","path":"/friend/getFriendRequest","level":"error","detail":"Not Defined Error","message":"API Response[500]:{\"code\":\"4101\",\"message\":\"unknown error\"}"}
{"timestamp":"2022-09-21T15:56:29+08:00","host":"DESKTOP-0A5J87H","path":"/friend/getFriendList","level":"error","detail":"Not Defined Error","message":"API Response[500]:{\"code\":\"4101\",\"message\":\"unknown error\"}"}
{"timestamp":"2022-09-21T15:56:29+08:00","host":"DESKTOP-0A5J87H","path":"/group/getlist","level":"error","detail":"Not Defined Error","message":"API Response[500]:{\"code\":\"4101\",\"message\":\"unknown error\"}"}
{"timestamp":"2022-09-21T16:18:05+08:00","host":"DESKTOP-0A5J87H","path":"/user/getAvatar","level":"error","detail":"Invalid Token!","message":"API Response[403]:{\"code\":\"4010\",\"message\":\"unauthorized\"}"}
{"timestamp":"2022-09-21T16:18:05+08:00","host":"DESKTOP-0A5J87H","path":"/user/getAvatar","level":"error","detail":"Invalid Token!","message":"API Response[403]:{\"code\":\"4010\",\"message\":\"unauthorized\"}"}
{"timestamp":"2022-09-21T16:18:05+08:00","host":"DESKTOP-0A5J87H","path":"/friend/getFriendRequest","level":"error","detail":"Invalid Token!","message":"API Response[403]:{\"code\":\"4010\",\"message\":\"unauthorized\"}"}
{"timestamp":"2022-09-21T16:18:05+08:00","host":"DESKTOP-0A5J87H","path":"/friend/getFriendList","level":"error","detail":"Invalid Token!","message":"API Response[403]:{\"code\":\"4010\",\"message\":\"unauthorized\"}"}
{"timestamp":"2022-09-21T16:18:05+08:00","host":"DESKTOP-0A5J87H","path":"/group/getlist","level":"error","detail":"Invalid Token!","message":"API Response[403]:{\"code\":\"4010\",\"message\":\"unauthorized\"}"}
{"timestamp":"2022-09-21T16:18:17+08:00","host":"DESKTOP-0A5J87H","path":"/user/getAvatar","level":"error","detail":"Invalid Token!","message":"API Response[403]:{\"code\":\"4010\",\"message\":\"unauthorized\"}"}
{"timestamp":"2022-09-21T16:18:17+08:00","host":"DESKTOP-0A5J87H","path":"/user/getAvatar","level":"error","detail":"Invalid Token!","message":"API Response[403]:{\"code\":\"4010\",\"message\":\"unauthorized\"}"}
{"timestamp":"2022-09-21T16:18:17+08:00","host":"DESKTOP-0A5J87H","path":"/friend/getFriendRequest","level":"error","detail":"Invalid Token!","message":"API Response[403]:{\"code\":\"4010\",\"message\":\"unauthorized\"}"}
{"timestamp":"2022-09-21T16:18:17+08:00","host":"DESKTOP-0A5J87H","path":"/friend/getFriendList","level":"error","detail":"Invalid Token!","message":"API Response[403]:{\"code\":\"4010\",\"message\":\"unauthorized\"}"}
{"timestamp":"2022-09-21T16:18:17+08:00","host":"DESKTOP-0A5J87H","path":"/group/getlist","level":"error","detail":"Invalid Token!","message":"API Response[403]:{\"code\":\"4010\",\"message\":\"unauthorized\"}"}
{"timestamp":"2022-09-21T16:18:56+08:00","host":"DESKTOP-0A5J87H","path":"/user/getAvatar","level":"error","detail":"Invalid Token!","message":"API Response[403]:{\"code\":\"4010\",\"message\":\"unauthorized\"}"}
{"timestamp":"2022-09-21T16:18:56+08:00","host":"DESKTOP-0A5J87H","path":"/user/getAvatar","level":"error","detail":"Invalid Token!","message":"API Response[403]:{\"code\":\"4010\",\"message\":\"unauthorized\"}"}
{"timestamp":"2022-09-21T16:18:56+08:00","host":"DESKTOP-0A5J87H","path":"/friend/getFriendRequest","level":"error","detail":"Invalid Token!","message":"API Response[403]:{\"code\":\"4010\",\"message\":\"unauthorized\"}"}
{"timestamp":"2022-09-21T16:18:56+08:00","host":"DESKTOP-0A5J87H","path":"/friend/getFriendList","level":"error","detail":"Invalid Token!","message":"API Response[403]:{\"code\":\"4010\",\"message\":\"unauthorized\"}"}
{"timestamp":"2022-09-21T16:18:56+08:00","host":"DESKTOP-0A5J87H","path":"/group/getlist","level":"error","detail":"Invalid Token!","message":"API Response[403]:{\"code\":\"4010\",\"message\":\"unauthorized\"}"}
